MSEQ 	 TYPE 		 DATE 			 LSID 			 RESPONSE 
--------------------------------------------------------------------------------- 
- 	 tms_request 	 05/15/06 03:11 PM 	 -		 	 -
- 	 tms_ack 	 05/15/06 03:11 PM 	 -		 	 -
1 	 lms_login 	 05/15/06 03:11 PM 	 28331:oxygenate4 	 -
- 	 lms_heartbeat 	 05/15/06 03:11 PM 	 - 	 -
- 	 tms_request 	 05/15/06 03:11 PM 	 -		 	 -
- 	 tms_ack 	 05/15/06 03:11 PM 	 -		 	 -
- 	 tms_request 	 05/15/06 03:45 PM 	 -		 	 -
- 	 tms_ack 	 05/15/06 03:45 PM 	 -		 	 -
1 	 lms_login 	 05/15/06 03:45 PM 	 28331:oxygenate4 	 -
- 	 lms_heartbeat 	 05/15/06 04:27 PM 	 - 	 -
- 	 tms_request 	 05/15/06 04:27 PM 	 -		 	 -
- 	 tms_ack 	 05/15/06 04:27 PM 	 -		 	 -
- 	 lms_heartbeat 	 05/15/06 04:27 PM 	 - 	 -
- 	 tms_request 	 05/15/06 04:27 PM 	 -		 	 -
- 	 tms_ack 	 05/15/06 04:27 PM 	 -		 	 -
3 	 lms_response 	 05/15/06 04:28 PM 	 28331:oxygenate4 	 A
- 	 tms_request 	 05/15/06 04:28 PM 	 -		 	 -
- 	 tms_ack 	 05/15/06 04:28 PM 	 -		 	 -
6 	 lms_finish 	 05/15/06 04:28 PM 	 28331:oxygenate4 	 -
- 	 tms_request 	 05/15/06 04:28 PM 	 -		 	 -
- 	 tms_ack 	 05/15/06 04:28 PM 	 -		 	 -
3 	 lms_response 	 05/15/06 04:37 PM 	 28331:oxygenate4 	 A
- 	 tms_request 	 05/15/06 04:37 PM 	 -		 	 -
- 	 tms_ack 	 05/15/06 04:37 PM 	 -		 	 -
- 	 tms_request 	 05/15/06 04:37 PM 	 -		 	 -
- 	 tms_ack 	 05/15/06 04:37 PM 	 -		 	 -
1 	 lms_login 	 05/15/06 04:37 PM 	 28331:oxygenate4 	 -
- 	 lms_heartbeat 	 05/15/06 04:37 PM 	 - 	 -
- 	 tms_request 	 05/15/06 04:37 PM 	 -		 	 -
- 	 tms_ack 	 05/15/06 04:37 PM 	 -		 	 -
- 	 lms_heartbeat 	 05/15/06 04:37 PM 	 - 	 -
- 	 tms_request 	 05/15/06 04:37 PM 	 -		 	 -
- 	 tms_ack 	 05/15/06 04:37 PM 	 -		 	 -
